[debug] [2020-11-28T02:13:12.318Z] ----------------------------------------------------------------------
[debug] [2020-11-28T02:13:12.320Z] Command:       C:\Program Files\nodejs\node.exe C:\Users\ARTHURTEDESQUITAVARE\AppData\Roaming\npm\node_modules\firebase-tools\lib\bin\firebase.js hosting:channel:deploy pv6
[debug] [2020-11-28T02:13:12.320Z] CLI Version:   8.16.2
[debug] [2020-11-28T02:13:12.320Z] Platform:      win32
[debug] [2020-11-28T02:13:12.320Z] Node Version:  v14.15.1
[debug] [2020-11-28T02:13:12.329Z] Time:          Fri Nov 27 2020 23:13:12 GMT-0300 (Horário Padrão de Brasília)
[debug] [2020-11-28T02:13:12.329Z] ----------------------------------------------------------------------
[debug] [2020-11-28T02:13:12.329Z] 
[debug] [2020-11-28T02:13:12.338Z] > command requires scopes: ["email","openid","https://www.googleapis.com/auth/cloudplatformprojects.readonly","https://www.googleapis.com/auth/firebase","https://www.googleapis.com/auth/cloud-platform"]
[debug] [2020-11-28T02:13:12.338Z] > authorizing via signed-in user
[debug] [2020-11-28T02:13:12.339Z] [iam] checking project energ-9aca5 for permissions ["firebase.projects.get","firebasehosting.sites.update"]
[debug] [2020-11-28T02:13:12.343Z] > refreshing access token with scopes: ["email","https://www.googleapis.com/auth/cloud-platform","https://www.googleapis.com/auth/cloudplatformprojects.readonly","https://www.googleapis.com/auth/firebase","openid"]
[debug] [2020-11-28T02:13:12.343Z] >>> HTTP REQUEST POST https://www.googleapis.com/oauth2/v3/token  
 <request body omitted>
[debug] [2020-11-28T02:13:12.576Z] <<< HTTP RESPONSE 200 {"expires":"Mon, 01 Jan 1990 00:00:00 GMT","pragma":"no-cache","cache-control":"no-cache, no-store, max-age=0, must-revalidate","date":"Sat, 28 Nov 2020 02:13:14 GMT","content-type":"application/json; charset=utf-8","vary":"X-Origin, Referer, Origin,Accept-Encoding","server":"scaffolding on HTTPServer2","x-xss-protection":"0","x-frame-options":"SAMEORIGIN","x-content-type-options":"nosniff","alt-svc":"h3-29=\":443\"; ma=2592000,h3-T051=\":443\"; ma=2592000,h3-Q050=\":443\"; ma=2592000,h3-Q046=\":443\"; ma=2592000,h3-Q043=\":443\"; ma=2592000,quic=\":443\"; ma=2592000; v=\"46,43\"","accept-ranges":"none","transfer-encoding":"chunked"}
[debug] [2020-11-28T02:13:12.581Z] >>> HTTP REQUEST POST https://cloudresourcemanager.googleapis.com/v1/projects/energ-9aca5:testIamPermissions  
 {"permissions":["firebase.projects.get","firebasehosting.sites.update"]}
[debug] [2020-11-28T02:13:13.467Z] <<< HTTP RESPONSE 200 {"content-type":"application/json; charset=UTF-8","vary":"X-Origin, Referer, Origin,Accept-Encoding","date":"Sat, 28 Nov 2020 02:13:15 GMT","server":"ESF","cache-control":"private","x-xss-protection":"0","x-frame-options":"SAMEORIGIN","x-content-type-options":"nosniff","server-timing":"gfet4t7; dur=722","alt-svc":"h3-29=\":443\"; ma=2592000,h3-T051=\":443\"; ma=2592000,h3-Q050=\":443\"; ma=2592000,h3-Q046=\":443\"; ma=2592000,h3-Q043=\":443\"; ma=2592000,quic=\":443\"; ma=2592000; v=\"46,43\"","accept-ranges":"none","transfer-encoding":"chunked"}
[debug] [2020-11-28T02:13:13.469Z] >>> HTTP REQUEST GET https://firebase.googleapis.com/v1beta1/projects/energ-9aca5  
 
[debug] [2020-11-28T02:13:14.487Z] <<< HTTP RESPONSE 200 {"content-type":"application/json; charset=UTF-8","vary":"X-Origin, Referer, Origin,Accept-Encoding","date":"Sat, 28 Nov 2020 02:13:16 GMT","server":"ESF","cache-control":"private","x-xss-protection":"0","x-frame-options":"SAMEORIGIN","x-content-type-options":"nosniff","alt-svc":"h3-29=\":443\"; ma=2592000,h3-T051=\":443\"; ma=2592000,h3-Q050=\":443\"; ma=2592000,h3-Q046=\":443\"; ma=2592000,h3-Q043=\":443\"; ma=2592000,quic=\":443\"; ma=2592000; v=\"46,43\"","accept-ranges":"none","transfer-encoding":"chunked"}
[debug] [2020-11-28T02:13:14.491Z] > refreshing access token with scopes: []
[debug] [2020-11-28T02:13:14.491Z] >>> HTTP REQUEST POST https://www.googleapis.com/oauth2/v3/token  
 <request body omitted>
[debug] [2020-11-28T02:13:14.671Z] <<< HTTP RESPONSE 200 {"expires":"Mon, 01 Jan 1990 00:00:00 GMT","cache-control":"no-cache, no-store, max-age=0, must-revalidate","pragma":"no-cache","date":"Sat, 28 Nov 2020 02:13:16 GMT","content-type":"application/json; charset=utf-8","vary":"X-Origin, Referer, Origin,Accept-Encoding","server":"scaffolding on HTTPServer2","x-xss-protection":"0","x-frame-options":"SAMEORIGIN","x-content-type-options":"nosniff","alt-svc":"h3-29=\":443\"; ma=2592000,h3-T051=\":443\"; ma=2592000,h3-Q050=\":443\"; ma=2592000,h3-Q046=\":443\"; ma=2592000,h3-Q043=\":443\"; ma=2592000,quic=\":443\"; ma=2592000; v=\"46,43\"","accept-ranges":"none","transfer-encoding":"chunked"}
[debug] [2020-11-28T02:13:14.677Z] >>> [apiv2][query] GET https://firebasehosting.googleapis.com/v1beta1/projects/energ-9aca5/sites/energ-9aca5/channels/pv6 [none]
[debug] [2020-11-28T02:13:15.631Z] <<< [apiv2][status] GET https://firebasehosting.googleapis.com/v1beta1/projects/energ-9aca5/sites/energ-9aca5/channels/pv6 404
[debug] [2020-11-28T02:13:15.631Z] <<< [apiv2][body] GET https://firebasehosting.googleapis.com/v1beta1/projects/energ-9aca5/sites/energ-9aca5/channels/pv6 {"error":{"code":404,"message":"Requested entity was not found.","status":"NOT_FOUND"}}
[debug] [2020-11-28T02:13:15.632Z] [hosting] found existing channel for site energ-9aca5 null
[debug] [2020-11-28T02:13:15.632Z] >>> [apiv2][query] POST https://firebasehosting.googleapis.com/v1beta1/projects/energ-9aca5/sites/energ-9aca5/channels?channelId=pv6 [none]
[debug] [2020-11-28T02:13:15.632Z] >>> [apiv2][body] POST https://firebasehosting.googleapis.com/v1beta1/projects/energ-9aca5/sites/energ-9aca5/channels?channelId=pv6 {"ttl":"604800s"}
[debug] [2020-11-28T02:13:16.741Z] <<< [apiv2][status] POST https://firebasehosting.googleapis.com/v1beta1/projects/energ-9aca5/sites/energ-9aca5/channels?channelId=pv6 200
[debug] [2020-11-28T02:13:16.741Z] <<< [apiv2][body] POST https://firebasehosting.googleapis.com/v1beta1/projects/energ-9aca5/sites/energ-9aca5/channels?channelId=pv6 {"name":"projects/508492329150/sites/energ-9aca5/channels/pv6","url":"https://energ-9aca5--pv6-nvfx0tdy.web.app","createTime":"2020-11-28T02:13:18.498725157Z","updateTime":"2020-11-28T02:13:18.498725157Z","retainedReleaseCount":10,"expireTime":"2020-12-05T02:13:18.498725157Z"}
[debug] [2020-11-28T02:13:16.741Z] [hosting] created new channnel for site energ-9aca5 {"name":"projects/508492329150/sites/energ-9aca5/channels/pv6","url":"https://energ-9aca5--pv6-nvfx0tdy.web.app","createTime":"2020-11-28T02:13:18.498725157Z","updateTime":"2020-11-28T02:13:18.498725157Z","retainedReleaseCount":10,"expireTime":"2020-12-05T02:13:18.498725157Z"}
[debug] [2020-11-28T02:13:16.742Z] > refreshing access token with scopes: ["email","https://www.googleapis.com/auth/cloud-platform","https://www.googleapis.com/auth/cloudplatformprojects.readonly","https://www.googleapis.com/auth/firebase","openid"]
[debug] [2020-11-28T02:13:16.742Z] >>> HTTP REQUEST POST https://www.googleapis.com/oauth2/v3/token  
 <request body omitted>
[debug] [2020-11-28T02:13:16.923Z] <<< HTTP RESPONSE 200 {"expires":"Mon, 01 Jan 1990 00:00:00 GMT","date":"Sat, 28 Nov 2020 02:13:18 GMT","pragma":"no-cache","cache-control":"no-cache, no-store, max-age=0, must-revalidate","content-type":"application/json; charset=utf-8","vary":"X-Origin, Referer, Origin,Accept-Encoding","server":"scaffolding on HTTPServer2","x-xss-protection":"0","x-frame-options":"SAMEORIGIN","x-content-type-options":"nosniff","alt-svc":"h3-29=\":443\"; ma=2592000,h3-T051=\":443\"; ma=2592000,h3-Q050=\":443\"; ma=2592000,h3-Q046=\":443\"; ma=2592000,h3-Q043=\":443\"; ma=2592000,quic=\":443\"; ma=2592000; v=\"46,43\"","accept-ranges":"none","transfer-encoding":"chunked"}
[debug] [2020-11-28T02:13:16.926Z] >>> HTTP REQUEST GET https://identitytoolkit.googleapis.com/admin/v2/projects/energ-9aca5/config  
 
[debug] [2020-11-28T02:13:17.467Z] <<< HTTP RESPONSE 200 {"cache-control":"no-cache, no-store, max-age=0, must-revalidate","date":"Sat, 28 Nov 2020 02:13:19 GMT","expires":"Mon, 01 Jan 1990 00:00:00 GMT","pragma":"no-cache","content-type":"application/json; charset=UTF-8","vary":"X-Origin, Referer, Origin,Accept-Encoding","server":"ESF","x-xss-protection":"0","x-frame-options":"SAMEORIGIN","x-content-type-options":"nosniff","alt-svc":"h3-29=\":443\"; ma=2592000,h3-T051=\":443\"; ma=2592000,h3-Q050=\":443\"; ma=2592000,h3-Q046=\":443\"; ma=2592000,h3-Q043=\":443\"; ma=2592000,quic=\":443\"; ma=2592000; v=\"46,43\"","accept-ranges":"none","transfer-encoding":"chunked"}
[debug] [2020-11-28T02:13:17.468Z] >>> HTTP REQUEST PATCH https://identitytoolkit.googleapis.com/admin/v2/projects/energ-9aca5/config?update_mask=authorizedDomains  
 {"authorizedDomains":["localhost","energ-9aca5.firebaseapp.com","energ-9aca5.web.app","energ-9aca5--preview-name-3y8m6tcw.web.app","energ-9aca5--preview-name1-c231du5t.web.app","energ-9aca5--preview-name2-5r59n6ke.web.app","energ-9aca5--pr1-master-s9mfuxfb.web.app","energ-9aca5--pr2-taylon-3ue1ikqo.web.app","energ-9aca5--pv3-tehurjbz.web.app","energ-9aca5--pv4-wwon967a.web.app","energ-9aca5--pv5-fbebsbo7.web.app","energ-9aca5--pv6-nvfx0tdy.web.app"]}
[debug] [2020-11-28T02:13:17.889Z] <<< HTTP RESPONSE 200 {"expires":"Mon, 01 Jan 1990 00:00:00 GMT","date":"Sat, 28 Nov 2020 02:13:19 GMT","pragma":"no-cache","cache-control":"no-cache, no-store, max-age=0, must-revalidate","content-type":"application/json; charset=UTF-8","vary":"X-Origin, Referer, Origin,Accept-Encoding","server":"ESF","x-xss-protection":"0","x-frame-options":"SAMEORIGIN","x-content-type-options":"nosniff","alt-svc":"h3-29=\":443\"; ma=2592000,h3-T051=\":443\"; ma=2592000,h3-Q050=\":443\"; ma=2592000,h3-Q046=\":443\"; ma=2592000,h3-Q043=\":443\"; ma=2592000,quic=\":443\"; ma=2592000; v=\"46,43\"","accept-ranges":"none","transfer-encoding":"chunked"}
[debug] [2020-11-28T02:13:17.890Z] > refreshing access token with scopes: []
[debug] [2020-11-28T02:13:17.890Z] >>> HTTP REQUEST POST https://www.googleapis.com/oauth2/v3/token  
 <request body omitted>
[debug] [2020-11-28T02:13:18.048Z] <<< HTTP RESPONSE 200 {"date":"Sat, 28 Nov 2020 02:13:19 GMT","cache-control":"no-cache, no-store, max-age=0, must-revalidate","expires":"Mon, 01 Jan 1990 00:00:00 GMT","pragma":"no-cache","content-type":"application/json; charset=utf-8","vary":"X-Origin, Referer, Origin,Accept-Encoding","server":"scaffolding on HTTPServer2","x-xss-protection":"0","x-frame-options":"SAMEORIGIN","x-content-type-options":"nosniff","alt-svc":"h3-29=\":443\"; ma=2592000,h3-T051=\":443\"; ma=2592000,h3-Q050=\":443\"; ma=2592000,h3-Q046=\":443\"; ma=2592000,h3-Q043=\":443\"; ma=2592000,quic=\":443\"; ma=2592000; v=\"46,43\"","accept-ranges":"none","transfer-encoding":"chunked"}
[debug] [2020-11-28T02:13:18.054Z] >>> [apiv2][query] GET https://firebasehosting.googleapis.com/v1beta1/projects/energ-9aca5/sites/energ-9aca5/channels {"pageToken":"","pageSize":10}
